%!Adobe-FontList 1.22
%Locale:0x809

%BeginFont
Handler:DirectoryHandler
FontType:TrueType
FontName:Bartina
FamilyName:Bartina
StyleName:Regular
FullName:Bartina
MenuName:Bartina
StyleBits:0
FamilyNameNative:Bartina
StyleNameNative:Regular
FullNameNative:Bartina Regular
WritingScript:Cyrillic
OutlineFileName:D:\University\III Курс\I Семестър 1.3\Издателски системи\Course Project\Flyer\Document fonts\Bartina Regular.ttf
DataFormat:sfntData
hasSVG:no
VariableFontType:NonVariableFont
FileLength:45368
FileModTime:1679143148
WeightClass:400
WidthClass:5
AngleClass:0
NameArray:25,Win,1,Bartina
NameArray:29,Win,1,Bartina
NameArray:0,Win,1,Bartina
NameArray:0,Win,1,Bartina
NameArray:6,Win,1,Bartina
NameArray:0,Win,1,Bartina
NameArray:0,Win,1,Bartina
NameArray:0,Win,1,Bartina
NameArray:0,Win,1,Bartina
NameArray:29,Win,1,Bartina
NameArray:0,Win,1,Bartina
NameArray:0,Win,1,Bartina
NameArray:0,Win,1,Bartina
NameArray:29,Win,1,Bartina
NameArray:0,Win,1,Bartina
NameArray:7,Win,1,Bartina
NameArray:29,Win,1,Bartina
NameArray:0,Win,1,Bartina
NameArray:0,Win,1,Bartina
NameArray:29,Win,1,Bartina
NameArray:0,Win,1,Bartina
NameArray:0,Win,1,Bartina
NameArray:0,Win,1,Bartina
NameArray:0,Win,1,Bartina
NameArray:0,Win,1,Bartina
%EndFont

%BeginFont
Handler:DirectoryHandler
FontType:Type1
FontName:Gismo-Trial-Round
FamilyName:Gismo-Trial
StyleName:Round
FullName:Gismo-Trial Round
MenuName:Gismo-Trial Round
StyleBits:0
WritingScript:Roman
OutlineFileName:D:\University\III Курс\I Семестър 1.3\Издателски системи\Course Project\Flyer\Document fonts\Gismo-Trial-Round.otf
DataFormat:sfntData
UsesStandardEncoding:yes
isCFF:yes
hasSVG:no
VariableFontType:NonVariableFont
FileLength:44356
FileModTime:1676247594
WeightClass:100
WidthClass:5
AngleClass:0
NameArray:0,Win,1,Gismo-Trial Round
NameArray:0,Win,16,Gismo-Trial
%EndFont

%BeginFont
Handler:DirectoryHandler
FontType:Type1
FontName:MinionPro-Regular
FamilyName:Minion Pro
StyleName:Regular
FullName:Minion Pro
MenuName:Minion Pro
StyleBits:0
WritingScript:Roman
OutlineFileName:D:\University\III Курс\I Семестър 1.3\Издателски системи\Course Project\Flyer\Document fonts\MinionPro-Regular.otf
DataFormat:sfntData
UsesStandardEncoding:yes
isCFF:yes
hasSVG:no
VariableFontType:NonVariableFont
FileLength:218640
FileModTime:1702746542
WeightClass:400
WidthClass:5
AngleClass:0
DesignSize:110
NameArray:0,Mac,4,Minion Pro
NameArray:0,Win,1,Minion Pro
%EndFont

%BeginFont
Handler:DirectoryHandler
FontType:Type1
FontName:Mont-ExtraLightDEMO
FamilyName:Mont
StyleName:ExtraLight DEMO
FullName:Mont ExtraLight DEMO
MenuName:Mont ExtraLight DEMO
StyleBits:0
WritingScript:Roman
OutlineFileName:D:\University\III Курс\I Семестър 1.3\Издателски системи\Course Project\Flyer\Document fonts\Mont-ExtraLightDEMO.otf
DataFormat:sfntData
UsesStandardEncoding:yes
isCFF:yes
hasSVG:no
VariableFontType:NonVariableFont
FileLength:105352
FileModTime:1515641170
WeightClass:300
WidthClass:5
AngleClass:0
NameArray:0,Mac,4,Mont ExtraLight DEMO
NameArray:0,Win,1,Mont ExtraLight DEMO
NameArray:0,Win,16,Mont
%EndFont

%BeginFont
Handler:DirectoryHandler
FontType:Type1
FontName:Plush-Trial-ExtraBold
FamilyName:Plush-Trial
StyleName:ExtraBold
FullName:Plush-Trial ExtraBold
MenuName:Plush-Trial ExtraBold
StyleBits:0
WritingScript:Roman
OutlineFileName:D:\University\III Курс\I Семестър 1.3\Издателски системи\Course Project\Flyer\Document fonts\Plush-Trial-ExtraBold.otf
DataFormat:sfntData
UsesStandardEncoding:yes
isCFF:yes
hasSVG:no
VariableFontType:NonVariableFont
FileLength:199224
FileModTime:1696500315
WeightClass:800
WidthClass:5
AngleClass:0
NameArray:0,Win,1,Plush-Trial ExtraBold
NameArray:0,Win,16,Plush-Trial
%EndFont

%BeginFont
Handler:DirectoryHandler
FontType:TrueType
FontName:Satisfy-Regular
FamilyName:Satisfy
StyleName:Regular
FullName:Satisfy Regular
MenuName:Satisfy
StyleBits:0
WritingScript:Roman
OutlineFileName:D:\University\III Курс\I Семестър 1.3\Издателски системи\Course Project\Flyer\Document fonts\Satisfy-Regular.ttf
DataFormat:sfntData
hasSVG:no
VariableFontType:NonVariableFont
FileLength:46944
FileModTime:1692982284
WeightClass:400
WidthClass:5
AngleClass:0
NameArray:0,Win,1,Satisfy
%EndFont

%BeginFont
Handler:DirectoryHandler
FontType:TrueType
FontName:beermoney
FamilyName:beer money
StyleName:Regular
FullName:beer money
MenuName:beer money
StyleBits:0
WritingScript:Roman
OutlineFileName:D:\University\III Курс\I Семестър 1.3\Издателски системи\Course Project\Flyer\Document fonts\beer money.ttf
DataFormat:sfntData
hasSVG:no
VariableFontType:NonVariableFont
FileLength:687772
FileModTime:1625295968
WeightClass:400
WidthClass:5
AngleClass:0
NameArray:0,Mac,18,beer money
NameArray:0,Mac,4,beer money
NameArray:0,Win,1,beer money
%EndFont

